<!DOCTYPE html>
<html>
<head>
    <title>Testing Website Result</title>
    <meta charset="utf-8">
    <meta name="viewport" content="width=device-width, initial-scale=1.0">
    <link rel="stylesheet" href="https://maxcdn.bootstrapcdn.com/bootstrap/3.3.6/css/bootstrap.min.css" integrity="sha384-1q8mTJOASx8j1Au+a5WDVnPi2lkFfwwEAa8hDDdjZlpLegxhjVME1fgjWPGmkzs7" crossorigin="anonymous">
</head>
<body>
    <div class="container">
        <div class="row">
            <div class="col-xs-12">
                <h2 class="text-capitalize">Testing Website Result</h2>
                <p class='attribute'><strong>Start Time: </strong>2021-04-19 08:58:29</p>
                <p class='attribute'><strong>Duration: </strong>0 ms</p>
                <p class='attribute'><strong>Summary: </strong>Total: 16, Pass: 0, Error: 16</p>
            </div>
        </div>
        <div class="row">
            <div class="col-xs-12 col-sm-10 col-md-10">
                <table class='table table-hover table-responsive'>
                    <thead>
                        <tr>
                            <th>unittest.loader._FailedTest</th>
                            <th>Status</th>
                            <th></th>
                        </tr>
                    </thead>
                    <tbody>
                        <tr class='warning'>
                            <td class="col-xs-10">testCases</td>
                            <td class="col-xs-1">
                                <span class="label label-warning" style="display:block;width:40px;">Error</span>
                            </td>
                            <td class="col-xs-1">
                                <button class="btn btn-default btn-xs">View</button>
                            </td>
                        </tr>
                        <tr style="display:none;">
                            <td class="col-xs-9" colspan="3"><p style="color:maroon;">ImportError: Failed to import test module: testCases
Traceback (most recent call last):
  File "C:\Users\Quang Hiep\AppData\Local\Programs\Python\Python39\lib\unittest\loader.py", line 154, in loadTestsFromName
    module = __import__(module_name)
ModuleNotFoundError: No module named 'testCases'
</p><p style="color:maroon;">ImportError: Failed to import test module: testCases
Traceback (most recent call last):
  File "C:\Users\Quang Hiep\AppData\Local\Programs\Python\Python39\lib\unittest\loader.py", line 154, in loadTestsFromName
    module = __import__(module_name)
ModuleNotFoundError: No module named 'testCases'

</p>
                            </td>
                        </tr>
                        <tr class='warning'>
                            <td class="col-xs-10">testCases</td>
                            <td class="col-xs-1">
                                <span class="label label-warning" style="display:block;width:40px;">Error</span>
                            </td>
                            <td class="col-xs-1">
                                <button class="btn btn-default btn-xs">View</button>
                            </td>
                        </tr>
                        <tr style="display:none;">
                            <td class="col-xs-9" colspan="3"><p style="color:maroon;">ImportError: Failed to import test module: testCases
Traceback (most recent call last):
  File "C:\Users\Quang Hiep\AppData\Local\Programs\Python\Python39\lib\unittest\loader.py", line 154, in loadTestsFromName
    module = __import__(module_name)
ModuleNotFoundError: No module named 'testCases'
</p><p style="color:maroon;">ImportError: Failed to import test module: testCases
Traceback (most recent call last):
  File "C:\Users\Quang Hiep\AppData\Local\Programs\Python\Python39\lib\unittest\loader.py", line 154, in loadTestsFromName
    module = __import__(module_name)
ModuleNotFoundError: No module named 'testCases'

</p>
                            </td>
                        </tr>
                        <tr class='warning'>
                            <td class="col-xs-10">testCases</td>
                            <td class="col-xs-1">
                                <span class="label label-warning" style="display:block;width:40px;">Error</span>
                            </td>
                            <td class="col-xs-1">
                                <button class="btn btn-default btn-xs">View</button>
                            </td>
                        </tr>
                        <tr style="display:none;">
                            <td class="col-xs-9" colspan="3"><p style="color:maroon;">ImportError: Failed to import test module: testCases
Traceback (most recent call last):
  File "C:\Users\Quang Hiep\AppData\Local\Programs\Python\Python39\lib\unittest\loader.py", line 154, in loadTestsFromName
    module = __import__(module_name)
ModuleNotFoundError: No module named 'testCases'
</p><p style="color:maroon;">ImportError: Failed to import test module: testCases
Traceback (most recent call last):
  File "C:\Users\Quang Hiep\AppData\Local\Programs\Python\Python39\lib\unittest\loader.py", line 154, in loadTestsFromName
    module = __import__(module_name)
ModuleNotFoundError: No module named 'testCases'

</p>
                            </td>
                        </tr>
                        <tr class='warning'>
                            <td class="col-xs-10">testCases</td>
                            <td class="col-xs-1">
                                <span class="label label-warning" style="display:block;width:40px;">Error</span>
                            </td>
                            <td class="col-xs-1">
                                <button class="btn btn-default btn-xs">View</button>
                            </td>
                        </tr>
                        <tr style="display:none;">
                            <td class="col-xs-9" colspan="3"><p style="color:maroon;">ImportError: Failed to import test module: testCases
Traceback (most recent call last):
  File "C:\Users\Quang Hiep\AppData\Local\Programs\Python\Python39\lib\unittest\loader.py", line 154, in loadTestsFromName
    module = __import__(module_name)
ModuleNotFoundError: No module named 'testCases'
</p><p style="color:maroon;">ImportError: Failed to import test module: testCases
Traceback (most recent call last):
  File "C:\Users\Quang Hiep\AppData\Local\Programs\Python\Python39\lib\unittest\loader.py", line 154, in loadTestsFromName
    module = __import__(module_name)
ModuleNotFoundError: No module named 'testCases'

</p>
                            </td>
                        </tr>
                        <tr class='warning'>
                            <td class="col-xs-10">testCases</td>
                            <td class="col-xs-1">
                                <span class="label label-warning" style="display:block;width:40px;">Error</span>
                            </td>
                            <td class="col-xs-1">
                                <button class="btn btn-default btn-xs">View</button>
                            </td>
                        </tr>
                        <tr style="display:none;">
                            <td class="col-xs-9" colspan="3"><p style="color:maroon;">ImportError: Failed to import test module: testCases
Traceback (most recent call last):
  File "C:\Users\Quang Hiep\AppData\Local\Programs\Python\Python39\lib\unittest\loader.py", line 154, in loadTestsFromName
    module = __import__(module_name)
ModuleNotFoundError: No module named 'testCases'
</p><p style="color:maroon;">ImportError: Failed to import test module: testCases
Traceback (most recent call last):
  File "C:\Users\Quang Hiep\AppData\Local\Programs\Python\Python39\lib\unittest\loader.py", line 154, in loadTestsFromName
    module = __import__(module_name)
ModuleNotFoundError: No module named 'testCases'

</p>
                            </td>
                        </tr>
                        <tr class='warning'>
                            <td class="col-xs-10">testCases</td>
                            <td class="col-xs-1">
                                <span class="label label-warning" style="display:block;width:40px;">Error</span>
                            </td>
                            <td class="col-xs-1">
                                <button class="btn btn-default btn-xs">View</button>
                            </td>
                        </tr>
                        <tr style="display:none;">
                            <td class="col-xs-9" colspan="3"><p style="color:maroon;">ImportError: Failed to import test module: testCases
Traceback (most recent call last):
  File "C:\Users\Quang Hiep\AppData\Local\Programs\Python\Python39\lib\unittest\loader.py", line 154, in loadTestsFromName
    module = __import__(module_name)
ModuleNotFoundError: No module named 'testCases'
</p><p style="color:maroon;">ImportError: Failed to import test module: testCases
Traceback (most recent call last):
  File "C:\Users\Quang Hiep\AppData\Local\Programs\Python\Python39\lib\unittest\loader.py", line 154, in loadTestsFromName
    module = __import__(module_name)
ModuleNotFoundError: No module named 'testCases'

</p>
                            </td>
                        </tr>
                        <tr class='warning'>
                            <td class="col-xs-10">testCases</td>
                            <td class="col-xs-1">
                                <span class="label label-warning" style="display:block;width:40px;">Error</span>
                            </td>
                            <td class="col-xs-1">
                                <button class="btn btn-default btn-xs">View</button>
                            </td>
                        </tr>
                        <tr style="display:none;">
                            <td class="col-xs-9" colspan="3"><p style="color:maroon;">ImportError: Failed to import test module: testCases
Traceback (most recent call last):
  File "C:\Users\Quang Hiep\AppData\Local\Programs\Python\Python39\lib\unittest\loader.py", line 154, in loadTestsFromName
    module = __import__(module_name)
ModuleNotFoundError: No module named 'testCases'
</p><p style="color:maroon;">ImportError: Failed to import test module: testCases
Traceback (most recent call last):
  File "C:\Users\Quang Hiep\AppData\Local\Programs\Python\Python39\lib\unittest\loader.py", line 154, in loadTestsFromName
    module = __import__(module_name)
ModuleNotFoundError: No module named 'testCases'

</p>
                            </td>
                        </tr>
                        <tr class='warning'>
                            <td class="col-xs-10">testCases</td>
                            <td class="col-xs-1">
                                <span class="label label-warning" style="display:block;width:40px;">Error</span>
                            </td>
                            <td class="col-xs-1">
                                <button class="btn btn-default btn-xs">View</button>
                            </td>
                        </tr>
                        <tr style="display:none;">
                            <td class="col-xs-9" colspan="3"><p style="color:maroon;">ImportError: Failed to import test module: testCases
Traceback (most recent call last):
  File "C:\Users\Quang Hiep\AppData\Local\Programs\Python\Python39\lib\unittest\loader.py", line 154, in loadTestsFromName
    module = __import__(module_name)
ModuleNotFoundError: No module named 'testCases'
</p><p style="color:maroon;">ImportError: Failed to import test module: testCases
Traceback (most recent call last):
  File "C:\Users\Quang Hiep\AppData\Local\Programs\Python\Python39\lib\unittest\loader.py", line 154, in loadTestsFromName
    module = __import__(module_name)
ModuleNotFoundError: No module named 'testCases'

</p>
                            </td>
                        </tr>
                        <tr class='warning'>
                            <td class="col-xs-10">testCases</td>
                            <td class="col-xs-1">
                                <span class="label label-warning" style="display:block;width:40px;">Error</span>
                            </td>
                            <td class="col-xs-1">
                                <button class="btn btn-default btn-xs">View</button>
                            </td>
                        </tr>
                        <tr style="display:none;">
                            <td class="col-xs-9" colspan="3"><p style="color:maroon;">ImportError: Failed to import test module: testCases
Traceback (most recent call last):
  File "C:\Users\Quang Hiep\AppData\Local\Programs\Python\Python39\lib\unittest\loader.py", line 154, in loadTestsFromName
    module = __import__(module_name)
ModuleNotFoundError: No module named 'testCases'
</p><p style="color:maroon;">ImportError: Failed to import test module: testCases
Traceback (most recent call last):
  File "C:\Users\Quang Hiep\AppData\Local\Programs\Python\Python39\lib\unittest\loader.py", line 154, in loadTestsFromName
    module = __import__(module_name)
ModuleNotFoundError: No module named 'testCases'

</p>
                            </td>
                        </tr>
                        <tr class='warning'>
                            <td class="col-xs-10">testCases</td>
                            <td class="col-xs-1">
                                <span class="label label-warning" style="display:block;width:40px;">Error</span>
                            </td>
                            <td class="col-xs-1">
                                <button class="btn btn-default btn-xs">View</button>
                            </td>
                        </tr>
                        <tr style="display:none;">
                            <td class="col-xs-9" colspan="3"><p style="color:maroon;">ImportError: Failed to import test module: testCases
Traceback (most recent call last):
  File "C:\Users\Quang Hiep\AppData\Local\Programs\Python\Python39\lib\unittest\loader.py", line 154, in loadTestsFromName
    module = __import__(module_name)
ModuleNotFoundError: No module named 'testCases'
</p><p style="color:maroon;">ImportError: Failed to import test module: testCases
Traceback (most recent call last):
  File "C:\Users\Quang Hiep\AppData\Local\Programs\Python\Python39\lib\unittest\loader.py", line 154, in loadTestsFromName
    module = __import__(module_name)
ModuleNotFoundError: No module named 'testCases'

</p>
                            </td>
                        </tr>
                        <tr class='warning'>
                            <td class="col-xs-10">testCases</td>
                            <td class="col-xs-1">
                                <span class="label label-warning" style="display:block;width:40px;">Error</span>
                            </td>
                            <td class="col-xs-1">
                                <button class="btn btn-default btn-xs">View</button>
                            </td>
                        </tr>
                        <tr style="display:none;">
                            <td class="col-xs-9" colspan="3"><p style="color:maroon;">ImportError: Failed to import test module: testCases
Traceback (most recent call last):
  File "C:\Users\Quang Hiep\AppData\Local\Programs\Python\Python39\lib\unittest\loader.py", line 154, in loadTestsFromName
    module = __import__(module_name)
ModuleNotFoundError: No module named 'testCases'
</p><p style="color:maroon;">ImportError: Failed to import test module: testCases
Traceback (most recent call last):
  File "C:\Users\Quang Hiep\AppData\Local\Programs\Python\Python39\lib\unittest\loader.py", line 154, in loadTestsFromName
    module = __import__(module_name)
ModuleNotFoundError: No module named 'testCases'

</p>
                            </td>
                        </tr>
                        <tr class='warning'>
                            <td class="col-xs-10">testCases</td>
                            <td class="col-xs-1">
                                <span class="label label-warning" style="display:block;width:40px;">Error</span>
                            </td>
                            <td class="col-xs-1">
                                <button class="btn btn-default btn-xs">View</button>
                            </td>
                        </tr>
                        <tr style="display:none;">
                            <td class="col-xs-9" colspan="3"><p style="color:maroon;">ImportError: Failed to import test module: testCases
Traceback (most recent call last):
  File "C:\Users\Quang Hiep\AppData\Local\Programs\Python\Python39\lib\unittest\loader.py", line 154, in loadTestsFromName
    module = __import__(module_name)
ModuleNotFoundError: No module named 'testCases'
</p><p style="color:maroon;">ImportError: Failed to import test module: testCases
Traceback (most recent call last):
  File "C:\Users\Quang Hiep\AppData\Local\Programs\Python\Python39\lib\unittest\loader.py", line 154, in loadTestsFromName
    module = __import__(module_name)
ModuleNotFoundError: No module named 'testCases'

</p>
                            </td>
                        </tr>
                        <tr class='warning'>
                            <td class="col-xs-10">testCases</td>
                            <td class="col-xs-1">
                                <span class="label label-warning" style="display:block;width:40px;">Error</span>
                            </td>
                            <td class="col-xs-1">
                                <button class="btn btn-default btn-xs">View</button>
                            </td>
                        </tr>
                        <tr style="display:none;">
                            <td class="col-xs-9" colspan="3"><p style="color:maroon;">ImportError: Failed to import test module: testCases
Traceback (most recent call last):
  File "C:\Users\Quang Hiep\AppData\Local\Programs\Python\Python39\lib\unittest\loader.py", line 154, in loadTestsFromName
    module = __import__(module_name)
ModuleNotFoundError: No module named 'testCases'
</p><p style="color:maroon;">ImportError: Failed to import test module: testCases
Traceback (most recent call last):
  File "C:\Users\Quang Hiep\AppData\Local\Programs\Python\Python39\lib\unittest\loader.py", line 154, in loadTestsFromName
    module = __import__(module_name)
ModuleNotFoundError: No module named 'testCases'

</p>
                            </td>
                        </tr>
                        <tr class='warning'>
                            <td class="col-xs-10">testCases</td>
                            <td class="col-xs-1">
                                <span class="label label-warning" style="display:block;width:40px;">Error</span>
                            </td>
                            <td class="col-xs-1">
                                <button class="btn btn-default btn-xs">View</button>
                            </td>
                        </tr>
                        <tr style="display:none;">
                            <td class="col-xs-9" colspan="3"><p style="color:maroon;">ImportError: Failed to import test module: testCases
Traceback (most recent call last):
  File "C:\Users\Quang Hiep\AppData\Local\Programs\Python\Python39\lib\unittest\loader.py", line 154, in loadTestsFromName
    module = __import__(module_name)
ModuleNotFoundError: No module named 'testCases'
</p><p style="color:maroon;">ImportError: Failed to import test module: testCases
Traceback (most recent call last):
  File "C:\Users\Quang Hiep\AppData\Local\Programs\Python\Python39\lib\unittest\loader.py", line 154, in loadTestsFromName
    module = __import__(module_name)
ModuleNotFoundError: No module named 'testCases'

</p>
                            </td>
                        </tr>
                        <tr class='warning'>
                            <td class="col-xs-10">testCases</td>
                            <td class="col-xs-1">
                                <span class="label label-warning" style="display:block;width:40px;">Error</span>
                            </td>
                            <td class="col-xs-1">
                                <button class="btn btn-default btn-xs">View</button>
                            </td>
                        </tr>
                        <tr style="display:none;">
                            <td class="col-xs-9" colspan="3"><p style="color:maroon;">ImportError: Failed to import test module: testCases
Traceback (most recent call last):
  File "C:\Users\Quang Hiep\AppData\Local\Programs\Python\Python39\lib\unittest\loader.py", line 154, in loadTestsFromName
    module = __import__(module_name)
ModuleNotFoundError: No module named 'testCases'
</p><p style="color:maroon;">ImportError: Failed to import test module: testCases
Traceback (most recent call last):
  File "C:\Users\Quang Hiep\AppData\Local\Programs\Python\Python39\lib\unittest\loader.py", line 154, in loadTestsFromName
    module = __import__(module_name)
ModuleNotFoundError: No module named 'testCases'

</p>
                            </td>
                        </tr>
                        <tr class='warning'>
                            <td class="col-xs-10">testCases</td>
                            <td class="col-xs-1">
                                <span class="label label-warning" style="display:block;width:40px;">Error</span>
                            </td>
                            <td class="col-xs-1">
                                <button class="btn btn-default btn-xs">View</button>
                            </td>
                        </tr>
                        <tr style="display:none;">
                            <td class="col-xs-9" colspan="3"><p style="color:maroon;">ImportError: Failed to import test module: testCases
Traceback (most recent call last):
  File "C:\Users\Quang Hiep\AppData\Local\Programs\Python\Python39\lib\unittest\loader.py", line 154, in loadTestsFromName
    module = __import__(module_name)
ModuleNotFoundError: No module named 'testCases'
</p><p style="color:maroon;">ImportError: Failed to import test module: testCases
Traceback (most recent call last):
  File "C:\Users\Quang Hiep\AppData\Local\Programs\Python\Python39\lib\unittest\loader.py", line 154, in loadTestsFromName
    module = __import__(module_name)
ModuleNotFoundError: No module named 'testCases'

</p>
                            </td>
                        </tr>
                        <tr>
                            <td colspan="3">
                                Total: 16, Pass: 0, Error: 16 -- Duration: 0 ms
                            </td>
                        </tr>
                    </tbody>
                </table>
            </div>
        </div>
    </div>
    <script src="https://ajax.googleapis.com/ajax/libs/jquery/2.2.4/jquery.min.js"></script>
    <script type="text/javascript">
        $(document).ready(function(){
            $('td').on('click', '.btn', function(e){
                e.preventDefault();
                e.stopImmediatePropagation();
                var $this = $(this);
                var $nextRow = $this.closest('tr').next('tr');
                $nextRow.slideToggle("fast");
                $this.text(function(i, text){
                    if (text === 'View') {
                        return 'Hide';
                    } else {
                        return 'View';
                    };
                });
            });
        });
    </script>
</body>
</html